<?xml version="1.0" encoding="UTF-8"?>
<testng-results ignored="1" total="2" passed="1" failed="0" skipped="0">
  <reporter-output>
  </reporter-output>
  <suite started-at="2020-11-13T12:21:09 EST" name="Default suite" finished-at="2020-11-13T12:21:11 EST" duration-ms="1219">
    <groups>
    </groups>
    <test started-at="2020-11-13T12:21:09 EST" name="Default test" finished-at="2020-11-13T12:21:11 EST" duration-ms="1219">
      <class name="apeTests.Delete">
        <test-method signature="printCode()[pri:0, instance:apeTests.Delete@69930714]" started-at="2020-11-13T12:21:09 EST" name="printCode" finished-at="2020-11-13T12:21:11 EST" duration-ms="1203" status="PASS">
          <reporter-output>
          </reporter-output>
        </test-method> <!-- printCode -->
      </class> <!-- apeTests.Delete -->
    </test> <!-- Default test -->
  </suite> <!-- Default suite -->
</testng-results>
