<?xml version="1.0" encoding="UTF-8"?>
<testng-results ignored="0" total="1" passed="1" failed="0" skipped="0">
  <reporter-output>
  </reporter-output>
  <suite started-at="2020-11-15T10:13:04 EST" name="Default suite" finished-at="2020-11-15T10:13:05 EST" duration-ms="1192">
    <groups>
    </groups>
    <test started-at="2020-11-15T10:13:04 EST" name="Default test" finished-at="2020-11-15T10:13:05 EST" duration-ms="1192">
      <class name="apeTests.Deserialize">
        <test-method signature="deserialize()[pri:0, instance:apeTests.Deserialize@a4102b8]" started-at="2020-11-15T10:13:04 EST" name="deserialize" finished-at="2020-11-15T10:13:05 EST" duration-ms="1177" status="PASS">
          <reporter-output>
          </reporter-output>
        </test-method> <!-- deserialize -->
      </class> <!-- apeTests.Deserialize -->
    </test> <!-- Default test -->
  </suite> <!-- Default suite -->
</testng-results>
